2020-07-05 22:25:41,053 [INFO] [<module>]  **** reports script started ****
2020-07-05 22:25:41,053 [INFO] [reports]  search for file(s) starting 
2020-07-05 22:25:46,679 [INFO] [reports]  found 398 file(s)
2020-07-05 22:25:46,679 [INFO] [reports]  Loading file(s) starting 
2020-07-05 22:25:50,184 [INFO] [reports]  Loaded 398 file(s) 
2020-07-05 22:25:50,184 [INFO] [reports]  processing data... this may take a while
2020-07-05 22:25:53,047 [INFO] [reports]  processing data complete. Operation took 2.8645 seconds
2020-07-05 22:25:53,047 [INFO] [reports]  Writing report to file - K:\REPORTS\m-cba-nsw-bellavista-sbc01_m-cba-nsw-bellavista-sbc02.csv
2020-07-05 22:25:53,067 [INFO] [reports]  Report writing completed
2020-07-05 22:25:53,071 [INFO] [reports]  search for file(s) starting 
2020-07-05 22:25:53,071 [INFO] [reports]  no files found matching the date range found for K:\HDR\m-cba-nsw-bellavista-sbc03\system
2020-07-05 22:25:53,071 [INFO] [reports]  search for file(s) starting 
2020-07-05 22:25:53,071 [INFO] [reports]  no files found matching the date range found for K:\HDR\m-cba-nsw-bellavista-sbc04\system
2020-07-05 22:25:53,071 [INFO] [reports]  search for file(s) starting 
2020-07-05 22:25:53,071 [INFO] [reports]  no files found matching the date range found for K:\HDR\m-cba-nsw-burwood-sbc01_m-cba-nsw-burwood-sbc02\system
2020-07-05 22:25:53,071 [INFO] [reports]  search for file(s) starting 
2020-07-05 22:25:53,071 [INFO] [reports]  no files found matching the date range found for K:\HDR\m-cba-nsw-burwood-sbc03\system
2020-07-05 22:25:53,071 [INFO] [reports]  search for file(s) starting 
2020-07-05 22:25:53,071 [INFO] [reports]  no files found matching the date range found for K:\HDR\m-cba-nsw-burwood-sbc04\system
2020-07-05 22:25:53,071 [INFO] [<module>]  **** report script finished ****

